/usr/bin/ld: CMakeFiles/drone_node.dir/src/drone_node.cpp.o: in function `main':
drone_node.cpp:(.text+0xc3): undefined reference to `ros::init(int&, char**, std::__cxx11::basic_string<char, std::char_traits<char>, std::allocator<char> > const&, unsigned int)'
/usr/bin/ld: drone_node.cpp:(.text+0x155): undefined reference to `ros::NodeHandle::NodeHandle(std::__cxx11::basic_string<char, std::char_traits<char>, std::allocator<char> > const&, std::map<std::__cxx11::basic_string<char, std::char_traits<char>, std::allocator<char> >, std::__cxx11::basic_string<char, std::char_traits<char>, std::allocator<char> >, std::less<std::__cxx11::basic_string<char, std::char_traits<char>, std::allocator<char> > >, std::allocator<std::pair<std::__cxx11::basic_string<char, std::char_traits<char>, std::allocator<char> > const, std::__cxx11::basic_string<char, std::char_traits<char>, std::allocator<char> > > > > const&)'
/usr/bin/ld: drone_node.cpp:(.text+0x492): undefined reference to `ros::Rate::Rate(double)'
/usr/bin/ld: drone_node.cpp:(.text+0x497): undefined reference to `ros::ok()'
/usr/bin/ld: drone_node.cpp:(.text+0x4bb): undefined reference to `ros::spinOnce()'
/usr/bin/ld: drone_node.cpp:(.text+0x4ca): undefined reference to `ros::Rate::sleep()'
/usr/bin/ld: drone_node.cpp:(.text+0x512): undefined reference to `ros::ok()'
/usr/bin/ld: drone_node.cpp:(.text+0x54d): undefined reference to `ros::spinOnce()'
/usr/bin/ld: drone_node.cpp:(.text+0x55c): undefined reference to `ros::Rate::sleep()'
/usr/bin/ld: drone_node.cpp:(.text+0x5a9): undefined reference to `ros::Time::now()'
/usr/bin/ld: drone_node.cpp:(.text+0x5b5): undefined reference to `ros::ok()'
/usr/bin/ld: drone_node.cpp:(.text+0x5f4): undefined reference to `ros::Time::now()'
/usr/bin/ld: drone_node.cpp:(.text+0x614): undefined reference to `ros::TimeBase<ros::Time, ros::Duration>::operator-(ros::Time const&) const'
/usr/bin/ld: drone_node.cpp:(.text+0x634): undefined reference to `ros::DurationBase<ros::Duration>::operator>(ros::Duration const&) const'
/usr/bin/ld: drone_node.cpp:(.text+0x68f): undefined reference to `ros::console::g_initialized'
/usr/bin/ld: drone_node.cpp:(.text+0x69f): undefined reference to `ros::console::initialize()'
/usr/bin/ld: drone_node.cpp:(.text+0x6f8): undefined reference to `ros::console::initializeLogLocation(ros::console::LogLocation*, std::__cxx11::basic_string<char, std::char_traits<char>, std::allocator<char> > const&, ros::console::levels::Level)'
/usr/bin/ld: drone_node.cpp:(.text+0x73b): undefined reference to `ros::console::setLogLocationLevel(ros::console::LogLocation*, ros::console::levels::Level)'
/usr/bin/ld: drone_node.cpp:(.text+0x747): undefined reference to `ros::console::checkLogLocationEnabled(ros::console::LogLocation*)'
/usr/bin/ld: drone_node.cpp:(.text+0x79f): undefined reference to `ros::console::print(ros::console::FilterBase*, void*, ros::console::levels::Level, char const*, int, char const*, char const*, ...)'
/usr/bin/ld: drone_node.cpp:(.text+0x7a8): undefined reference to `ros::Time::now()'
/usr/bin/ld: drone_node.cpp:(.text+0x7df): undefined reference to `ros::Time::now()'
/usr/bin/ld: drone_node.cpp:(.text+0x7ff): undefined reference to `ros::TimeBase<ros::Time, ros::Duration>::operator-(ros::Time const&) const'
/usr/bin/ld: drone_node.cpp:(.text+0x81f): undefined reference to `ros::DurationBase<ros::Duration>::operator>(ros::Duration const&) const'
/usr/bin/ld: drone_node.cpp:(.text+0x87a): undefined reference to `ros::console::g_initialized'
/usr/bin/ld: drone_node.cpp:(.text+0x88a): undefined reference to `ros::console::initialize()'
/usr/bin/ld: drone_node.cpp:(.text+0x8e3): undefined reference to `ros::console::initializeLogLocation(ros::console::LogLocation*, std::__cxx11::basic_string<char, std::char_traits<char>, std::allocator<char> > const&, ros::console::levels::Level)'
/usr/bin/ld: drone_node.cpp:(.text+0x926): undefined reference to `ros::console::setLogLocationLevel(ros::console::LogLocation*, ros::console::levels::Level)'
/usr/bin/ld: drone_node.cpp:(.text+0x932): undefined reference to `ros::console::checkLogLocationEnabled(ros::console::LogLocation*)'
/usr/bin/ld: drone_node.cpp:(.text+0x98a): undefined reference to `ros::console::print(ros::console::FilterBase*, void*, ros::console::levels::Level, char const*, int, char const*, char const*, ...)'
/usr/bin/ld: drone_node.cpp:(.text+0x993): undefined reference to `ros::Time::now()'
/usr/bin/ld: drone_node.cpp:(.text+0x9b8): undefined reference to `ros::spinOnce()'
/usr/bin/ld: drone_node.cpp:(.text+0x9c7): undefined reference to `ros::Rate::sleep()'
/usr/bin/ld: drone_node.cpp:(.text+0x9fe): undefined reference to `ros::ServiceClient::~ServiceClient()'
/usr/bin/ld: drone_node.cpp:(.text+0xa0d): undefined reference to `ros::ServiceClient::~ServiceClient()'
/usr/bin/ld: drone_node.cpp:(.text+0xa1c): undefined reference to `ros::Publisher::~Publisher()'
/usr/bin/ld: drone_node.cpp:(.text+0xa2b): undefined reference to `ros::Subscriber::~Subscriber()'
/usr/bin/ld: drone_node.cpp:(.text+0xa3a): undefined reference to `ros::NodeHandle::~NodeHandle()'
/usr/bin/ld: drone_node.cpp:(.text+0xc6e): undefined reference to `ros::ServiceClient::~ServiceClient()'
/usr/bin/ld: drone_node.cpp:(.text+0xc7d): undefined reference to `ros::ServiceClient::~ServiceClient()'
/usr/bin/ld: drone_node.cpp:(.text+0xc8c): undefined reference to `ros::Publisher::~Publisher()'
/usr/bin/ld: drone_node.cpp:(.text+0xc9b): undefined reference to `ros::Subscriber::~Subscriber()'
/usr/bin/ld: drone_node.cpp:(.text+0xcaa): undefined reference to `ros::NodeHandle::~NodeHandle()'
/usr/bin/ld: CMakeFiles/drone_node.dir/src/drone_node.cpp.o: in function `ros::Duration::Duration(double)':
drone_node.cpp:(.text._ZN3ros8DurationC2Ed[_ZN3ros8DurationC5Ed]+0x32): undefined reference to `ros::DurationBase<ros::Duration>::fromSec(double)'
/usr/bin/ld: CMakeFiles/drone_node.dir/src/drone_node.cpp.o: in function `ros::ServiceClient::deserializeFailed(std::exception const&)':
drone_node.cpp:(.text._ZN3ros13ServiceClient17deserializeFailedERKSt9exception[_ZN3ros13ServiceClient17deserializeFailedERKSt9exception]+0x27): undefined reference to `ros::console::g_initialized'
/usr/bin/ld: drone_node.cpp:(.text._ZN3ros13ServiceClient17deserializeFailedERKSt9exception[_ZN3ros13ServiceClient17deserializeFailedERKSt9exception]+0x37): undefined reference to `ros::console::initialize()'
/usr/bin/ld: drone_node.cpp:(.text._ZN3ros13ServiceClient17deserializeFailedERKSt9exception[_ZN3ros13ServiceClient17deserializeFailedERKSt9exception]+0x84): undefined reference to `ros::console::initializeLogLocation(ros::console::LogLocation*, std::__cxx11::basic_string<char, std::char_traits<char>, std::allocator<char> > const&, ros::console::levels::Level)'
/usr/bin/ld: drone_node.cpp:(.text._ZN3ros13ServiceClient17deserializeFailedERKSt9exception[_ZN3ros13ServiceClient17deserializeFailedERKSt9exception]+0xc1): undefined reference to `ros::console::setLogLocationLevel(ros::console::LogLocation*, ros::console::levels::Level)'
/usr/bin/ld: drone_node.cpp:(.text._ZN3ros13ServiceClient17deserializeFailedERKSt9exception[_ZN3ros13ServiceClient17deserializeFailedERKSt9exception]+0xcd): undefined reference to `ros::console::checkLogLocationEnabled(ros::console::LogLocation*)'
/usr/bin/ld: drone_node.cpp:(.text._ZN3ros13ServiceClient17deserializeFailedERKSt9exception[_ZN3ros13ServiceClient17deserializeFailedERKSt9exception]+0x13a): undefined reference to `ros::console::print(ros::console::FilterBase*, void*, ros::console::levels::Level, char const*, int, char const*, char const*, ...)'
/usr/bin/ld: CMakeFiles/drone_node.dir/src/drone_node.cpp.o: in function `ros::Subscriber ros::NodeHandle::subscribe<mavros_msgs::State_<std::allocator<void> > >(std::__cxx11::basic_string<char, std::char_traits<char>, std::allocator<char> > const&, unsigned int, void (*)(boost::shared_ptr<mavros_msgs::State_<std::allocator<void> > const> const&), ros::TransportHints const&)':
drone_node.cpp:(.text._ZN3ros10NodeHandle9subscribeIN11mavros_msgs6State_ISaIvEEEEENS_10SubscriberERKNSt7__cxx1112basic_stringIcSt11char_traitsIcESaIcEEEjPFvRKN5boost10shared_ptrIKT_EEERKNS_14TransportHintsE[_ZN3ros10NodeHandle9subscribeIN11mavros_msgs6State_ISaIvEEEEENS_10SubscriberERKNSt7__cxx1112basic_stringIcSt11char_traitsIcESaIcEEEjPFvRKN5boost10shared_ptrIKT_EEERKNS_14TransportHintsE]+0x110): undefined reference to `ros::NodeHandle::subscribe(ros::SubscribeOptions&)'
/usr/bin/ld: CMakeFiles/drone_node.dir/src/drone_node.cpp.o: in function `ros::Publisher ros::NodeHandle::advertise<geometry_msgs::PoseStamped_<std::allocator<void> > >(std::__cxx11::basic_string<char, std::char_traits<char>, std::allocator<char> > const&, unsigned int, bool)':
drone_node.cpp:(.text._ZN3ros10NodeHandle9advertiseIN13geometry_msgs12PoseStamped_ISaIvEEEEENS_9PublisherERKNSt7__cxx1112basic_stringIcSt11char_traitsIcESaIcEEEjb[_ZN3ros10NodeHandle9advertiseIN13geometry_msgs12PoseStamped_ISaIvEEEEENS_9PublisherERKNSt7__cxx1112basic_stringIcSt11char_traitsIcESaIcEEEjb]+0x139): undefined reference to `ros::NodeHandle::advertise(ros::AdvertiseOptions&)'
/usr/bin/ld: CMakeFiles/drone_node.dir/src/drone_node.cpp.o: in function `ros::ServiceClient ros::NodeHandle::serviceClient<mavros_msgs::CommandBool>(std::__cxx11::basic_string<char, std::char_traits<char>, std::allocator<char> > const&, bool, std::map<std::__cxx11::basic_string<char, std::char_traits<char>, std::allocator<char> >, std::__cxx11::basic_string<char, std::char_traits<char>, std::allocator<char> >, std::less<std::__cxx11::basic_string<char, std::char_traits<char>, std::allocator<char> > >, std::allocator<std::pair<std::__cxx11::basic_string<char, std::char_traits<char>, std::allocator<char> > const, std::__cxx11::basic_string<char, std::char_traits<char>, std::allocator<char> > > > > const&)':
drone_node.cpp:(.text._ZN3ros10NodeHandle13serviceClientIN11mavros_msgs11CommandBoolEEENS_13ServiceClientERKNSt7__cxx1112basic_stringIcSt11char_traitsIcESaIcEEEbRKSt3mapISA_SA_St4lessISA_ESaISt4pairISB_SA_EEE[_ZN3ros10NodeHandle13serviceClientIN11mavros_msgs11CommandBoolEEENS_13ServiceClientERKNSt7__cxx1112basic_stringIcSt11char_traitsIcESaIcEEEbRKSt3mapISA_SA_St4lessISA_ESaISt4pairISB_SA_EEE]+0x92): undefined reference to `ros::NodeHandle::serviceClient(ros::ServiceClientOptions&)'
/usr/bin/ld: CMakeFiles/drone_node.dir/src/drone_node.cpp.o: in function `ros::ServiceClient ros::NodeHandle::serviceClient<mavros_msgs::SetMode>(std::__cxx11::basic_string<char, std::char_traits<char>, std::allocator<char> > const&, bool, std::map<std::__cxx11::basic_string<char, std::char_traits<char>, std::allocator<char> >, std::__cxx11::basic_string<char, std::char_traits<char>, std::allocator<char> >, std::less<std::__cxx11::basic_string<char, std::char_traits<char>, std::allocator<char> > >, std::allocator<std::pair<std::__cxx11::basic_string<char, std::char_traits<char>, std::allocator<char> > const, std::__cxx11::basic_string<char, std::char_traits<char>, std::allocator<char> > > > > const&)':
drone_node.cpp:(.text._ZN3ros10NodeHandle13serviceClientIN11mavros_msgs7SetModeEEENS_13ServiceClientERKNSt7__cxx1112basic_stringIcSt11char_traitsIcESaIcEEEbRKSt3mapISA_SA_St4lessISA_ESaISt4pairISB_SA_EEE[_ZN3ros10NodeHandle13serviceClientIN11mavros_msgs7SetModeEEENS_13ServiceClientERKNSt7__cxx1112basic_stringIcSt11char_traitsIcESaIcEEEbRKSt3mapISA_SA_St4lessISA_ESaISt4pairISB_SA_EEE]+0x92): undefined reference to `ros::NodeHandle::serviceClient(ros::ServiceClientOptions&)'
/usr/bin/ld: CMakeFiles/drone_node.dir/src/drone_node.cpp.o: in function `void ros::Publisher::publish<geometry_msgs::PoseStamped_<std::allocator<void> > >(geometry_msgs::PoseStamped_<std::allocator<void> > const&) const':
drone_node.cpp:(.text._ZNK3ros9Publisher7publishIN13geometry_msgs12PoseStamped_ISaIvEEEEEvRKT_[_ZNK3ros9Publisher7publishIN13geometry_msgs12PoseStamped_ISaIvEEEEEvRKT_]+0x4b): undefined reference to `ros::console::g_initialized'
/usr/bin/ld: drone_node.cpp:(.text._ZNK3ros9Publisher7publishIN13geometry_msgs12PoseStamped_ISaIvEEEEEvRKT_[_ZNK3ros9Publisher7publishIN13geometry_msgs12PoseStamped_ISaIvEEEEEvRKT_]+0x5b): undefined reference to `ros::console::initialize()'
/usr/bin/ld: drone_node.cpp:(.text._ZNK3ros9Publisher7publishIN13geometry_msgs12PoseStamped_ISaIvEEEEEvRKT_[_ZNK3ros9Publisher7publishIN13geometry_msgs12PoseStamped_ISaIvEEEEEvRKT_]+0xae): undefined reference to `ros::console::initializeLogLocation(ros::console::LogLocation*, std::__cxx11::basic_string<char, std::char_traits<char>, std::allocator<char> > const&, ros::console::levels::Level)'
/usr/bin/ld: drone_node.cpp:(.text._ZNK3ros9Publisher7publishIN13geometry_msgs12PoseStamped_ISaIvEEEEEvRKT_[_ZNK3ros9Publisher7publishIN13geometry_msgs12PoseStamped_ISaIvEEEEEvRKT_]+0xee): undefined reference to `ros::console::setLogLocationLevel(ros::console::LogLocation*, ros::console::levels::Level)'
/usr/bin/ld: drone_node.cpp:(.text._ZNK3ros9Publisher7publishIN13geometry_msgs12PoseStamped_ISaIvEEEEEvRKT_[_ZNK3ros9Publisher7publishIN13geometry_msgs12PoseStamped_ISaIvEEEEEvRKT_]+0xfa): undefined reference to `ros::console::checkLogLocationEnabled(ros::console::LogLocation*)'
/usr/bin/ld: drone_node.cpp:(.text._ZNK3ros9Publisher7publishIN13geometry_msgs12PoseStamped_ISaIvEEEEEvRKT_[_ZNK3ros9Publisher7publishIN13geometry_msgs12PoseStamped_ISaIvEEEEEvRKT_]+0x160): undefined reference to `ros::console::print(ros::console::FilterBase*, void*, ros::console::levels::Level, char const*, int, char const*, char const*, ...)'
/usr/bin/ld: drone_node.cpp:(.text._ZNK3ros9Publisher7publishIN13geometry_msgs12PoseStamped_ISaIvEEEEEvRKT_[_ZNK3ros9Publisher7publishIN13geometry_msgs12PoseStamped_ISaIvEEEEEvRKT_]+0x16b): undefined reference to `ros::console::g_initialized'
/usr/bin/ld: drone_node.cpp:(.text._ZNK3ros9Publisher7publishIN13geometry_msgs12PoseStamped_ISaIvEEEEEvRKT_[_ZNK3ros9Publisher7publishIN13geometry_msgs12PoseStamped_ISaIvEEEEEvRKT_]+0x17b): undefined reference to `ros::console::initialize()'
/usr/bin/ld: drone_node.cpp:(.text._ZNK3ros9Publisher7publishIN13geometry_msgs12PoseStamped_ISaIvEEEEEvRKT_[_ZNK3ros9Publisher7publishIN13geometry_msgs12PoseStamped_ISaIvEEEEEvRKT_]+0x1ce): undefined reference to `ros::console::initializeLogLocation(ros::console::LogLocation*, std::__cxx11::basic_string<char, std::char_traits<char>, std::allocator<char> > const&, ros::console::levels::Level)'
/usr/bin/ld: drone_node.cpp:(.text._ZNK3ros9Publisher7publishIN13geometry_msgs12PoseStamped_ISaIvEEEEEvRKT_[_ZNK3ros9Publisher7publishIN13geometry_msgs12PoseStamped_ISaIvEEEEEvRKT_]+0x20e): undefined reference to `ros::console::setLogLocationLevel(ros::console::LogLocation*, ros::console::levels::Level)'
/usr/bin/ld: drone_node.cpp:(.text._ZNK3ros9Publisher7publishIN13geometry_msgs12PoseStamped_ISaIvEEEEEvRKT_[_ZNK3ros9Publisher7publishIN13geometry_msgs12PoseStamped_ISaIvEEEEEvRKT_]+0x21a): undefined reference to `ros::console::checkLogLocationEnabled(ros::console::LogLocation*)'
/usr/bin/ld: drone_node.cpp:(.text._ZNK3ros9Publisher7publishIN13geometry_msgs12PoseStamped_ISaIvEEEEEvRKT_[_ZNK3ros9Publisher7publishIN13geometry_msgs12PoseStamped_ISaIvEEEEEvRKT_]+0x272): undefined reference to `ros::console::print(ros::console::FilterBase*, void*, ros::console::levels::Level, char const*, int, char const*, char const*, ...)'
/usr/bin/ld: drone_node.cpp:(.text._ZNK3ros9Publisher7publishIN13geometry_msgs12PoseStamped_ISaIvEEEEEvRKT_[_ZNK3ros9Publisher7publishIN13geometry_msgs12PoseStamped_ISaIvEEEEEvRKT_]+0x27d): undefined reference to `ros::console::g_initialized'
/usr/bin/ld: drone_node.cpp:(.text._ZNK3ros9Publisher7publishIN13geometry_msgs12PoseStamped_ISaIvEEEEEvRKT_[_ZNK3ros9Publisher7publishIN13geometry_msgs12PoseStamped_ISaIvEEEEEvRKT_]+0x28d): undefined reference to `ros::console::initialize()'
/usr/bin/ld: drone_node.cpp:(.text._ZNK3ros9Publisher7publishIN13geometry_msgs12PoseStamped_ISaIvEEEEEvRKT_[_ZNK3ros9Publisher7publishIN13geometry_msgs12PoseStamped_ISaIvEEEEEvRKT_]+0x2e0): undefined reference to `ros::console::initializeLogLocation(ros::console::LogLocation*, std::__cxx11::basic_string<char, std::char_traits<char>, std::allocator<char> > const&, ros::console::levels::Level)'
/usr/bin/ld: drone_node.cpp:(.text._ZNK3ros9Publisher7publishIN13geometry_msgs12PoseStamped_ISaIvEEEEEvRKT_[_ZNK3ros9Publisher7publishIN13geometry_msgs12PoseStamped_ISaIvEEEEEvRKT_]+0x320): undefined reference to `ros::console::setLogLocationLevel(ros::console::LogLocation*, ros::console::levels::Level)'
/usr/bin/ld: drone_node.cpp:(.text._ZNK3ros9Publisher7publishIN13geometry_msgs12PoseStamped_ISaIvEEEEEvRKT_[_ZNK3ros9Publisher7publishIN13geometry_msgs12PoseStamped_ISaIvEEEEEvRKT_]+0x32c): undefined reference to `ros::console::checkLogLocationEnabled(ros::console::LogLocation*)'
/usr/bin/ld: drone_node.cpp:(.text._ZNK3ros9Publisher7publishIN13geometry_msgs12PoseStamped_ISaIvEEEEEvRKT_[_ZNK3ros9Publisher7publishIN13geometry_msgs12PoseStamped_ISaIvEEEEEvRKT_]+0x384): undefined reference to `ros::console::print(ros::console::FilterBase*, void*, ros::console::levels::Level, char const*, int, char const*, char const*, ...)'
/usr/bin/ld: drone_node.cpp:(.text._ZNK3ros9Publisher7publishIN13geometry_msgs12PoseStamped_ISaIvEEEEEvRKT_[_ZNK3ros9Publisher7publishIN13geometry_msgs12PoseStamped_ISaIvEEEEEvRKT_]+0x3a5): undefined reference to `ros::Publisher::Impl::isValid() const'
/usr/bin/ld: drone_node.cpp:(.text._ZNK3ros9Publisher7publishIN13geometry_msgs12PoseStamped_ISaIvEEEEEvRKT_[_ZNK3ros9Publisher7publishIN13geometry_msgs12PoseStamped_ISaIvEEEEEvRKT_]+0x3b7): undefined reference to `ros::console::g_initialized'
/usr/bin/ld: drone_node.cpp:(.text._ZNK3ros9Publisher7publishIN13geometry_msgs12PoseStamped_ISaIvEEEEEvRKT_[_ZNK3ros9Publisher7publishIN13geometry_msgs12PoseStamped_ISaIvEEEEEvRKT_]+0x3c7): undefined reference to `ros::console::initialize()'
/usr/bin/ld: drone_node.cpp:(.text._ZNK3ros9Publisher7publishIN13geometry_msgs12PoseStamped_ISaIvEEEEEvRKT_[_ZNK3ros9Publisher7publishIN13geometry_msgs12PoseStamped_ISaIvEEEEEvRKT_]+0x41a): undefined reference to `ros::console::initializeLogLocation(ros::console::LogLocation*, std::__cxx11::basic_string<char, std::char_traits<char>, std::allocator<char> > const&, ros::console::levels::Level)'
/usr/bin/ld: drone_node.cpp:(.text._ZNK3ros9Publisher7publishIN13geometry_msgs12PoseStamped_ISaIvEEEEEvRKT_[_ZNK3ros9Publisher7publishIN13geometry_msgs12PoseStamped_ISaIvEEEEEvRKT_]+0x45a): undefined reference to `ros::console::setLogLocationLevel(ros::console::LogLocation*, ros::console::levels::Level)'
/usr/bin/ld: drone_node.cpp:(.text._ZNK3ros9Publisher7publishIN13geometry_msgs12PoseStamped_ISaIvEEEEEvRKT_[_ZNK3ros9Publisher7publishIN13geometry_msgs12PoseStamped_ISaIvEEEEEvRKT_]+0x466): undefined reference to `ros::console::checkLogLocationEnabled(ros::console::LogLocation*)'
/usr/bin/ld: drone_node.cpp:(.text._ZNK3ros9Publisher7publishIN13geometry_msgs12PoseStamped_ISaIvEEEEEvRKT_[_ZNK3ros9Publisher7publishIN13geometry_msgs12PoseStamped_ISaIvEEEEEvRKT_]+0x4cc): undefined reference to `ros::console::print(ros::console::FilterBase*, void*, ros::console::levels::Level, char const*, int, char const*, char const*, ...)'
/usr/bin/ld: drone_node.cpp:(.text._ZNK3ros9Publisher7publishIN13geometry_msgs12PoseStamped_ISaIvEEEEEvRKT_[_ZNK3ros9Publisher7publishIN13geometry_msgs12PoseStamped_ISaIvEEEEEvRKT_]+0x4d7): undefined reference to `ros::console::g_initialized'
/usr/bin/ld: drone_node.cpp:(.text._ZNK3ros9Publisher7publishIN13geometry_msgs12PoseStamped_ISaIvEEEEEvRKT_[_ZNK3ros9Publisher7publishIN13geometry_msgs12PoseStamped_ISaIvEEEEEvRKT_]+0x4e7): undefined reference to `ros::console::initialize()'
/usr/bin/ld: drone_node.cpp:(.text._ZNK3ros9Publisher7publishIN13geometry_msgs12PoseStamped_ISaIvEEEEEvRKT_[_ZNK3ros9Publisher7publishIN13geometry_msgs12PoseStamped_ISaIvEEEEEvRKT_]+0x53a): undefined reference to `ros::console::initializeLogLocation(ros::console::LogLocation*, std::__cxx11::basic_string<char, std::char_traits<char>, std::allocator<char> > const&, ros::console::levels::Level)'
/usr/bin/ld: drone_node.cpp:(.text._ZNK3ros9Publisher7publishIN13geometry_msgs12PoseStamped_ISaIvEEEEEvRKT_[_ZNK3ros9Publisher7publishIN13geometry_msgs12PoseStamped_ISaIvEEEEEvRKT_]+0x57a): undefined reference to `ros::console::setLogLocationLevel(ros::console::LogLocation*, ros::console::levels::Level)'
/usr/bin/ld: drone_node.cpp:(.text._ZNK3ros9Publisher7publishIN13geometry_msgs12PoseStamped_ISaIvEEEEEvRKT_[_ZNK3ros9Publisher7publishIN13geometry_msgs12PoseStamped_ISaIvEEEEEvRKT_]+0x586): undefined reference to `ros::console::checkLogLocationEnabled(ros::console::LogLocation*)'
/usr/bin/ld: drone_node.cpp:(.text._ZNK3ros9Publisher7publishIN13geometry_msgs12PoseStamped_ISaIvEEEEEvRKT_[_ZNK3ros9Publisher7publishIN13geometry_msgs12PoseStamped_ISaIvEEEEEvRKT_]+0x5f5): undefined reference to `ros::console::print(ros::console::FilterBase*, void*, ros::console::levels::Level, char const*, int, char const*, char const*, ...)'
/usr/bin/ld: drone_node.cpp:(.text._ZNK3ros9Publisher7publishIN13geometry_msgs12PoseStamped_ISaIvEEEEEvRKT_[_ZNK3ros9Publisher7publishIN13geometry_msgs12PoseStamped_ISaIvEEEEEvRKT_]+0x600): undefined reference to `ros::console::g_initialized'
/usr/bin/ld: drone_node.cpp:(.text._ZNK3ros9Publisher7publishIN13geometry_msgs12PoseStamped_ISaIvEEEEEvRKT_[_ZNK3ros9Publisher7publishIN13geometry_msgs12PoseStamped_ISaIvEEEEEvRKT_]+0x610): undefined reference to `ros::console::initialize()'
/usr/bin/ld: drone_node.cpp:(.text._ZNK3ros9Publisher7publishIN13geometry_msgs12PoseStamped_ISaIvEEEEEvRKT_[_ZNK3ros9Publisher7publishIN13geometry_msgs12PoseStamped_ISaIvEEEEEvRKT_]+0x663): undefined reference to `ros::console::initializeLogLocation(ros::console::LogLocation*, std::__cxx11::basic_string<char, std::char_traits<char>, std::allocator<char> > const&, ros::console::levels::Level)'
/usr/bin/ld: drone_node.cpp:(.text._ZNK3ros9Publisher7publishIN13geometry_msgs12PoseStamped_ISaIvEEEEEvRKT_[_ZNK3ros9Publisher7publishIN13geometry_msgs12PoseStamped_ISaIvEEEEEvRKT_]+0x6a3): undefined reference to `ros::console::setLogLocationLevel(ros::console::LogLocation*, ros::console::levels::Level)'
/usr/bin/ld: drone_node.cpp:(.text._ZNK3ros9Publisher7publishIN13geometry_msgs12PoseStamped_ISaIvEEEEEvRKT_[_ZNK3ros9Publisher7publishIN13geometry_msgs12PoseStamped_ISaIvEEEEEvRKT_]+0x6af): undefined reference to `ros::console::checkLogLocationEnabled(ros::console::LogLocation*)'
/usr/bin/ld: drone_node.cpp:(.text._ZNK3ros9Publisher7publishIN13geometry_msgs12PoseStamped_ISaIvEEEEEvRKT_[_ZNK3ros9Publisher7publishIN13geometry_msgs12PoseStamped_ISaIvEEEEEvRKT_]+0x707): undefined reference to `ros::console::print(ros::console::FilterBase*, void*, ros::console::levels::Level, char const*, int, char const*, char const*, ...)'
/usr/bin/ld: drone_node.cpp:(.text._ZNK3ros9Publisher7publishIN13geometry_msgs12PoseStamped_ISaIvEEEEEvRKT_[_ZNK3ros9Publisher7publishIN13geometry_msgs12PoseStamped_ISaIvEEEEEvRKT_]+0x815): undefined reference to `ros::console::g_initialized'
/usr/bin/ld: drone_node.cpp:(.text._ZNK3ros9Publisher7publishIN13geometry_msgs12PoseStamped_ISaIvEEEEEvRKT_[_ZNK3ros9Publisher7publishIN13geometry_msgs12PoseStamped_ISaIvEEEEEvRKT_]+0x825): undefined reference to `ros::console::initialize()'
/usr/bin/ld: drone_node.cpp:(.text._ZNK3ros9Publisher7publishIN13geometry_msgs12PoseStamped_ISaIvEEEEEvRKT_[_ZNK3ros9Publisher7publishIN13geometry_msgs12PoseStamped_ISaIvEEEEEvRKT_]+0x878): undefined reference to `ros::console::initializeLogLocation(ros::console::LogLocation*, std::__cxx11::basic_string<char, std::char_traits<char>, std::allocator<char> > const&, ros::console::levels::Level)'
/usr/bin/ld: drone_node.cpp:(.text._ZNK3ros9Publisher7publishIN13geometry_msgs12PoseStamped_ISaIvEEEEEvRKT_[_ZNK3ros9Publisher7publishIN13geometry_msgs12PoseStamped_ISaIvEEEEEvRKT_]+0x8b7): undefined reference to `ros::console::setLogLocationLevel(ros::console::LogLocation*, ros::console::levels::Level)'
/usr/bin/ld: drone_node.cpp:(.text._ZNK3ros9Publisher7publishIN13geometry_msgs12PoseStamped_ISaIvEEEEEvRKT_[_ZNK3ros9Publisher7publishIN13geometry_msgs12PoseStamped_ISaIvEEEEEvRKT_]+0x8c3): undefined reference to `ros::console::checkLogLocationEnabled(ros::console::LogLocation*)'
/usr/bin/ld: drone_node.cpp:(.text._ZNK3ros9Publisher7publishIN13geometry_msgs12PoseStamped_ISaIvEEEEEvRKT_[_ZNK3ros9Publisher7publishIN13geometry_msgs12PoseStamped_ISaIvEEEEEvRKT_]+0x9a2): undefined reference to `ros::console::print(ros::console::FilterBase*, void*, ros::console::levels::Level, char const*, int, char const*, char const*, ...)'
/usr/bin/ld: drone_node.cpp:(.text._ZNK3ros9Publisher7publishIN13geometry_msgs12PoseStamped_ISaIvEEEEEvRKT_[_ZNK3ros9Publisher7publishIN13geometry_msgs12PoseStamped_ISaIvEEEEEvRKT_]+0xa35): undefined reference to `ros::Publisher::publish(boost::function<ros::SerializedMessage ()> const&, ros::SerializedMessage&) const'
/usr/bin/ld: CMakeFiles/drone_node.dir/src/drone_node.cpp.o: in function `bool ros::ServiceClient::call<mavros_msgs::SetMode>(mavros_msgs::SetMode&)':
drone_node.cpp:(.text._ZN3ros13ServiceClient4callIN11mavros_msgs7SetModeEEEbRT_[_ZN3ros13ServiceClient4callIN11mavros_msgs7SetModeEEEbRT_]+0x2c): undefined reference to `ros::ServiceClient::isValid() const'
/usr/bin/ld: CMakeFiles/drone_node.dir/src/drone_node.cpp.o: in function `bool ros::ServiceClient::call<mavros_msgs::CommandBool>(mavros_msgs::CommandBool&)':
drone_node.cpp:(.text._ZN3ros13ServiceClient4callIN11mavros_msgs11CommandBoolEEEbRT_[_ZN3ros13ServiceClient4callIN11mavros_msgs11CommandBoolEEEbRT_]+0x2c): undefined reference to `ros::ServiceClient::isValid() const'
/usr/bin/ld: CMakeFiles/drone_node.dir/src/drone_node.cpp.o: in function `bool ros::ServiceClient::call<mavros_msgs::SetModeRequest_<std::allocator<void> >, mavros_msgs::SetModeResponse_<std::allocator<void> > >(mavros_msgs::SetModeRequest_<std::allocator<void> > const&, mavros_msgs::SetModeResponse_<std::allocator<void> >&, std::__cxx11::basic_string<char, std::char_traits<char>, std::allocator<char> > const&)':
drone_node.cpp:(.text._ZN3ros13ServiceClient4callIN11mavros_msgs15SetModeRequest_ISaIvEEENS2_16SetModeResponse_IS4_EEEEbRKT_RT0_RKNSt7__cxx1112basic_stringIcSt11char_traitsIcESaIcEEE[_ZN3ros13ServiceClient4callIN11mavros_msgs15SetModeRequest_ISaIvEEENS2_16SetModeResponse_IS4_EEEEbRKT_RT0_RKNSt7__cxx1112basic_stringIcSt11char_traitsIcESaIcEEE]+0x7d): undefined reference to `ros::ServiceClient::call(ros::SerializedMessage const&, ros::SerializedMessage&, std::__cxx11::basic_string<char, std::char_traits<char>, std::allocator<char> > const&)'
/usr/bin/ld: CMakeFiles/drone_node.dir/src/drone_node.cpp.o: in function `bool ros::ServiceClient::call<mavros_msgs::CommandBoolRequest_<std::allocator<void> >, mavros_msgs::CommandBoolResponse_<std::allocator<void> > >(mavros_msgs::CommandBoolRequest_<std::allocator<void> > const&, mavros_msgs::CommandBoolResponse_<std::allocator<void> >&, std::__cxx11::basic_string<char, std::char_traits<char>, std::allocator<char> > const&)':
drone_node.cpp:(.text._ZN3ros13ServiceClient4callIN11mavros_msgs19CommandBoolRequest_ISaIvEEENS2_20CommandBoolResponse_IS4_EEEEbRKT_RT0_RKNSt7__cxx1112basic_stringIcSt11char_traitsIcESaIcEEE[_ZN3ros13ServiceClient4callIN11mavros_msgs19CommandBoolRequest_ISaIvEEENS2_20CommandBoolResponse_IS4_EEEEbRKT_RT0_RKNSt7__cxx1112basic_stringIcSt11char_traitsIcESaIcEEE]+0x7d): undefined reference to `ros::ServiceClient::call(ros::SerializedMessage const&, ros::SerializedMessage&, std::__cxx11::basic_string<char, std::char_traits<char>, std::allocator<char> > const&)'
/usr/bin/ld: CMakeFiles/drone_node.dir/src/drone_node.cpp.o: in function `void ros::serialization::Serializer<unsigned int>::write<ros::serialization::OStream>(ros::serialization::OStream&, unsigned int)':
drone_node.cpp:(.text._ZN3ros13serialization10SerializerIjE5writeINS0_7OStreamEEEvRT_j[_ZN3ros13serialization10SerializerIjE5writeINS0_7OStreamEEEvRT_j]+0x56): undefined reference to `ros::serialization::throwStreamOverrun()'
/usr/bin/ld: CMakeFiles/drone_node.dir/src/drone_node.cpp.o: in function `void ros::serialization::Serializer<unsigned char>::write<ros::serialization::OStream>(ros::serialization::OStream&, unsigned char)':
drone_node.cpp:(.text._ZN3ros13serialization10SerializerIhE5writeINS0_7OStreamEEEvRT_h[_ZN3ros13serialization10SerializerIhE5writeINS0_7OStreamEEEvRT_h]+0x58): undefined reference to `ros::serialization::throwStreamOverrun()'
/usr/bin/ld: CMakeFiles/drone_node.dir/src/drone_node.cpp.o: in function `void ros::serialization::Serializer<std::__cxx11::basic_string<char, std::char_traits<char>, std::allocator<char> > >::write<ros::serialization::OStream>(ros::serialization::OStream&, std::__cxx11::basic_string<char, std::char_traits<char>, std::allocator<char> > const&)':
drone_node.cpp:(.text._ZN3ros13serialization10SerializerINSt7__cxx1112basic_stringIcSt11char_traitsIcESaIcEEEE5writeINS0_7OStreamEEEvRT_RKS7_[_ZN3ros13serialization10SerializerINSt7__cxx1112basic_stringIcSt11char_traitsIcESaIcEEEE5writeINS0_7OStreamEEEvRT_RKS7_]+0xb0): undefined reference to `ros::serialization::throwStreamOverrun()'
/usr/bin/ld: CMakeFiles/drone_node.dir/src/drone_node.cpp.o: in function `void ros::serialization::Serializer<unsigned char>::read<ros::serialization::IStream>(ros::serialization::IStream&, unsigned char&)':
drone_node.cpp:(.text._ZN3ros13serialization10SerializerIhE4readINS0_7IStreamEEEvRT_Rh[_ZN3ros13serialization10SerializerIhE4readINS0_7IStreamEEEvRT_Rh]+0x57): undefined reference to `ros::serialization::throwStreamOverrun()'
/usr/bin/ld: CMakeFiles/drone_node.dir/src/drone_node.cpp.o: in function `void ros::serialization::Serializer<double>::write<ros::serialization::OStream>(ros::serialization::OStream&, double)':
drone_node.cpp:(.text._ZN3ros13serialization10SerializerIdE5writeINS0_7OStreamEEEvRT_d[_ZN3ros13serialization10SerializerIdE5writeINS0_7OStreamEEEvRT_d]+0x58): undefined reference to `ros::serialization::throwStreamOverrun()'
/usr/bin/ld: CMakeFiles/drone_node.dir/src/drone_node.cpp.o: in function `ros::SubscriptionCallbackHelperT<boost::shared_ptr<mavros_msgs::State_<std::allocator<void> > const> const&, void>::deserialize(ros::SubscriptionCallbackHelperDeserializeParams const&)':
drone_node.cpp:(.text._ZN3ros27SubscriptionCallbackHelperTIRKN5boost10shared_ptrIKN11mavros_msgs6State_ISaIvEEEEEvE11deserializeERKNS_43SubscriptionCallbackHelperDeserializeParamsE[_ZN3ros27SubscriptionCallbackHelperTIRKN5boost10shared_ptrIKN11mavros_msgs6State_ISaIvEEEEEvE11deserializeERKNS_43SubscriptionCallbackHelperDeserializeParamsE]+0x65): undefined reference to `ros::console::g_initialized'
/usr/bin/ld: drone_node.cpp:(.text._ZN3ros27SubscriptionCallbackHelperTIRKN5boost10shared_ptrIKN11mavros_msgs6State_ISaIvEEEEEvE11deserializeERKNS_43SubscriptionCallbackHelperDeserializeParamsE[_ZN3ros27SubscriptionCallbackHelperTIRKN5boost10shared_ptrIKN11mavros_msgs6State_ISaIvEEEEEvE11deserializeERKNS_43SubscriptionCallbackHelperDeserializeParamsE]+0x75): undefined reference to `ros::console::initialize()'
/usr/bin/ld: drone_node.cpp:(.text._ZN3ros27SubscriptionCallbackHelperTIRKN5boost10shared_ptrIKN11mavros_msgs6State_ISaIvEEEEEvE11deserializeERKNS_43SubscriptionCallbackHelperDeserializeParamsE[_ZN3ros27SubscriptionCallbackHelperTIRKN5boost10shared_ptrIKN11mavros_msgs6State_ISaIvEEEEEvE11deserializeERKNS_43SubscriptionCallbackHelperDeserializeParamsE]+0xc2): undefined reference to `ros::console::initializeLogLocation(ros::console::LogLocation*, std::__cxx11::basic_string<char, std::char_traits<char>, std::allocator<char> > const&, ros::console::levels::Level)'
/usr/bin/ld: drone_node.cpp:(.text._ZN3ros27SubscriptionCallbackHelperTIRKN5boost10shared_ptrIKN11mavros_msgs6State_ISaIvEEEEEvE11deserializeERKNS_43SubscriptionCallbackHelperDeserializeParamsE[_ZN3ros27SubscriptionCallbackHelperTIRKN5boost10shared_ptrIKN11mavros_msgs6State_ISaIvEEEEEvE11deserializeERKNS_43SubscriptionCallbackHelperDeserializeParamsE]+0xfe): undefined reference to `ros::console::setLogLocationLevel(ros::console::LogLocation*, ros::console::levels::Level)'
/usr/bin/ld: drone_node.cpp:(.text._ZN3ros27SubscriptionCallbackHelperTIRKN5boost10shared_ptrIKN11mavros_msgs6State_ISaIvEEEEEvE11deserializeERKNS_43SubscriptionCallbackHelperDeserializeParamsE[_ZN3ros27SubscriptionCallbackHelperTIRKN5boost10shared_ptrIKN11mavros_msgs6State_ISaIvEEEEEvE11deserializeERKNS_43SubscriptionCallbackHelperDeserializeParamsE]+0x10a): undefined reference to `ros::console::checkLogLocationEnabled(ros::console::LogLocation*)'
/usr/bin/ld: drone_node.cpp:(.text._ZN3ros27SubscriptionCallbackHelperTIRKN5boost10shared_ptrIKN11mavros_msgs6State_ISaIvEEEEEvE11deserializeERKNS_43SubscriptionCallbackHelperDeserializeParamsE[_ZN3ros27SubscriptionCallbackHelperTIRKN5boost10shared_ptrIKN11mavros_msgs6State_ISaIvEEEEEvE11deserializeERKNS_43SubscriptionCallbackHelperDeserializeParamsE]+0x187): undefined reference to `ros::console::print(ros::console::FilterBase*, void*, ros::console::levels::Level, char const*, int, char const*, char const*, ...)'
/usr/bin/ld: CMakeFiles/drone_node.dir/src/drone_node.cpp.o: in function `void ros::serialization::Serializer<std::__cxx11::basic_string<char, std::char_traits<char>, std::allocator<char> > >::read<ros::serialization::IStream>(ros::serialization::IStream&, std::__cxx11::basic_string<char, std::char_traits<char>, std::allocator<char> >&)':
drone_node.cpp:(.text._ZN3ros13serialization10SerializerINSt7__cxx1112basic_stringIcSt11char_traitsIcESaIcEEEE4readINS0_7IStreamEEEvRT_RS7_[_ZN3ros13serialization10SerializerINSt7__cxx1112basic_stringIcSt11char_traitsIcESaIcEEEE4readINS0_7IStreamEEEvRT_RS7_]+0x9e): undefined reference to `ros::serialization::throwStreamOverrun()'
/usr/bin/ld: CMakeFiles/drone_node.dir/src/drone_node.cpp.o: in function `void ros::serialization::Serializer<unsigned int>::read<ros::serialization::IStream>(ros::serialization::IStream&, unsigned int&)':
drone_node.cpp:(.text._ZN3ros13serialization10SerializerIjE4readINS0_7IStreamEEEvRT_Rj[_ZN3ros13serialization10SerializerIjE4readINS0_7IStreamEEEvRT_Rj]+0x57): undefined reference to `ros::serialization::throwStreamOverrun()'
collect2: error: ld returned 1 exit status
make[2]: *** [CMakeFiles/drone_node.dir/build.make:84: /home/darren/catkin_ws/devel/.private/drone/lib/drone/drone_node] Error 1
make[1]: *** [CMakeFiles/Makefile2:531: CMakeFiles/drone_node.dir/all] Error 2
make: *** [Makefile:141: all] Error 2
